<?xml version="1.0" encoding="UTF-8"?>
<!-- Generated by org.testng.reporters.JUnitXMLReporter -->
<testsuite hostname="MittalComputer" ignored="0" name="Default test(failed)" tests="1" failures="1" timestamp="2020-08-26T15:53:13 EDT" time="0.038" errors="0">
  <testcase name="YahooLoginTest" time="0.0" classname="com.perameters.PerameterTest">
    <failure type="org.testng.TestNGException" message="
Parameter &amp;apos;url&amp;apos; is required by @Test on method YahooLoginTest but has not been marked @Optional or defined
in C:\Users\ravin\eclipse-workspace\MySelenium\test-output\testng-failed.xml">
      <![CDATA[org.testng.TestNGException: 
Parameter 'url' is required by @Test on method YahooLoginTest but has not been marked @Optional or defined
in C:\Users\ravin\eclipse-workspace\MySelenium\test-output\testng-failed.xml
at java.util.ArrayList.forEach(Unknown Source)
... Removed 26 stack frames]]>
    </failure>
  </testcase> <!-- YahooLoginTest -->
</testsuite> <!-- Default test(failed) -->
