<?xml version="1.0" encoding="UTF-8"?>
<!-- Generated by org.testng.reporters.JUnitReportReporter -->
<testsuite skipped="6" hostname="MittalComputer" name="com.test.GoogleTest" tests="7" failures="0" timestamp="2020-08-31T21:51:55 EDT" time="1.893" errors="1">
  <testcase name="setUp" time="1.893" classname="com.test.GoogleTest">
    <error type="org.openqa.selenium.SessionNotCreatedException" message="session not created: This version of ChromeDriver only supports Chrome version 83
Build info: version: &#039;3.141.59&#039;, revision: &#039;e82be7d358&#039;, time: &#039;2018-11-14T08:25:48&#039;
System info: host: &#039;MITTALCOMPUTER&#039;, ip: &#039;192.168.2.18&#039;, os.name: &#039;Windows 10&#039;, os.arch: &#039;amd64&#039;, os.version: &#039;10.0&#039;, java.version: &#039;1.8.0_221&#039;
Driver info: driver.version: ChromeDriver
remote stacktrace: Backtrace:
	Ordinal0 [0x01079563+2725219]
	Ordinal0 [0x00F78551+1672529]
	Ordinal0 [0x00E60359+525145]
	Ordinal0 [0x00DF0B77+68471]
	Ordinal0 [0x00DED32C+54060]
	Ordinal0 [0x00E0CC37+183351]
	Ordinal0 [0x00E0CA3D+182845]
	Ordinal0 [0x00E0A94B+174411]
	Ordinal0 [0x00DF2528+75048]
	Ordinal0 [0x00DF35A0+79264]
	Ordinal0 [0x00DF3539+79161]
	Ordinal0 [0x00F8D607+1758727]
	GetHandleVerifier [0x01196546+1050150]
	GetHandleVerifier [0x01196291+1049457]
	GetHandleVerifier [0x011A10D7+1094071]
	GetHandleVerifier [0x01196B46+1051686]
	Ordinal0 [0x00F85B06+1727238]
	Ordinal0 [0x00F8EB7B+1764219]
	Ordinal0 [0x00F8ECE3+1764579]
	Ordinal0 [0x00FA4C05+1854469]
	BaseThreadInitThunk [0x75C4F989+25]
	RtlGetAppContainerNamedObjectPath [0x773F74A4+228]
	RtlGetAppContainerNamedObjectPath [0x773F7474+180]
">
      <![CDATA[org.openqa.selenium.SessionNotCreatedException: session not created: This version of ChromeDriver only supports Chrome version 83
Build info: version: '3.141.59', revision: 'e82be7d358', time: '2018-11-14T08:25:48'
System info: host: 'MITTALCOMPUTER', ip: '192.168.2.18', os.name: 'Windows 10', os.arch: 'amd64', os.version: '10.0', java.version: '1.8.0_221'
Driver info: driver.version: ChromeDriver
remote stacktrace: Backtrace:
Ordinal0 [0x01079563+2725219]
Ordinal0 [0x00F78551+1672529]
Ordinal0 [0x00E60359+525145]
Ordinal0 [0x00DF0B77+68471]
Ordinal0 [0x00DED32C+54060]
Ordinal0 [0x00E0CC37+183351]
Ordinal0 [0x00E0CA3D+182845]
Ordinal0 [0x00E0A94B+174411]
Ordinal0 [0x00DF2528+75048]
Ordinal0 [0x00DF35A0+79264]
Ordinal0 [0x00DF3539+79161]
Ordinal0 [0x00F8D607+1758727]
GetHandleVerifier [0x01196546+1050150]
GetHandleVerifier [0x01196291+1049457]
GetHandleVerifier [0x011A10D7+1094071]
GetHandleVerifier [0x01196B46+1051686]
Ordinal0 [0x00F85B06+1727238]
Ordinal0 [0x00F8EB7B+1764219]
Ordinal0 [0x00F8ECE3+1764579]
Ordinal0 [0x00FA4C05+1854469]
BaseThreadInitThunk [0x75C4F989+25]
RtlGetAppContainerNamedObjectPath [0x773F74A4+228]
RtlGetAppContainerNamedObjectPath [0x773F7474+180]

at sun.reflect.NativeConstructorAccessorImpl.newInstance0(Native Method)
at sun.reflect.NativeConstructorAccessorImpl.newInstance(Unknown Source)
at sun.reflect.DelegatingConstructorAccessorImpl.newInstance(Unknown Source)
at java.lang.reflect.Constructor.newInstance(Unknown Source)
at org.openqa.selenium.remote.W3CHandshakeResponse.lambda$errorHandler$0(W3CHandshakeResponse.java:62)
at org.openqa.selenium.remote.HandshakeResponse.lambda$getResponseFunction$0(HandshakeResponse.java:30)
at org.openqa.selenium.remote.ProtocolHandshake.lambda$createSession$0(ProtocolHandshake.java:126)
at java.util.stream.ReferencePipeline$3$1.accept(Unknown Source)
at java.util.Spliterators$ArraySpliterator.tryAdvance(Unknown Source)
at java.util.stream.ReferencePipeline.forEachWithCancel(Unknown Source)
at java.util.stream.AbstractPipeline.copyIntoWithCancel(Unknown Source)
at java.util.stream.AbstractPipeline.copyInto(Unknown Source)
at java.util.stream.AbstractPipeline.wrapAndCopyInto(Unknown Source)
at java.util.stream.FindOps$FindOp.evaluateSequential(Unknown Source)
at java.util.stream.AbstractPipeline.evaluate(Unknown Source)
at java.util.stream.ReferencePipeline.findFirst(Unknown Source)
at org.openqa.selenium.remote.ProtocolHandshake.createSession(ProtocolHandshake.java:128)
at org.openqa.selenium.remote.ProtocolHandshake.createSession(ProtocolHandshake.java:74)
at org.openqa.selenium.remote.HttpCommandExecutor.execute(HttpCommandExecutor.java:136)
at org.openqa.selenium.remote.service.DriverCommandExecutor.execute(DriverCommandExecutor.java:83)
at org.openqa.selenium.remote.RemoteWebDriver.execute(RemoteWebDriver.java:552)
at org.openqa.selenium.remote.RemoteWebDriver.startSession(RemoteWebDriver.java:213)
at org.openqa.selenium.remote.RemoteWebDriver.<init>(RemoteWebDriver.java:131)
at org.openqa.selenium.chrome.ChromeDriver.<init>(ChromeDriver.java:181)
at org.openqa.selenium.chrome.ChromeDriver.<init>(ChromeDriver.java:168)
at org.openqa.selenium.chrome.ChromeDriver.<init>(ChromeDriver.java:123)
at com.test.GoogleTest.setUp(GoogleTest.java:20)
at sun.reflect.NativeMethodAccessorImpl.invoke0(Native Method)
at sun.reflect.NativeMethodAccessorImpl.invoke(Unknown Source)
at sun.reflect.DelegatingMethodAccessorImpl.invoke(Unknown Source)
at java.lang.reflect.Method.invoke(Unknown Source)
at org.testng.internal.MethodInvocationHelper.invokeMethod(MethodInvocationHelper.java:135)
at org.testng.internal.MethodInvocationHelper.invokeMethodConsideringTimeout(MethodInvocationHelper.java:64)
at org.testng.internal.ConfigInvoker.invokeConfigurationMethod(ConfigInvoker.java:364)
at org.testng.internal.ConfigInvoker.invokeConfigurations(ConfigInvoker.java:318)
at org.testng.internal.TestInvoker.runConfigMethods(TestInvoker.java:700)
at org.testng.internal.TestInvoker.invokeMethod(TestInvoker.java:527)
at org.testng.internal.TestInvoker.invokeTestMethod(TestInvoker.java:174)
at org.testng.internal.MethodRunner.runInSequence(MethodRunner.java:46)
at org.testng.internal.TestInvoker$MethodInvocationAgent.invoke(TestInvoker.java:821)
at org.testng.internal.TestInvoker.invokeTestMethods(TestInvoker.java:147)
at org.testng.internal.TestMethodWorker.invokeTestMethods(TestMethodWorker.java:146)
at org.testng.internal.TestMethodWorker.run(TestMethodWorker.java:128)
at java.util.ArrayList.forEach(Unknown Source)
at org.testng.TestRunner.privateRun(TestRunner.java:767)
at org.testng.TestRunner.run(TestRunner.java:588)
at org.testng.SuiteRunner.runTest(SuiteRunner.java:384)
at org.testng.SuiteRunner.runSequentially(SuiteRunner.java:378)
at org.testng.SuiteRunner.privateRun(SuiteRunner.java:337)
at org.testng.SuiteRunner.run(SuiteRunner.java:286)
at org.testng.SuiteRunnerWorker.runSuite(SuiteRunnerWorker.java:53)
at org.testng.SuiteRunnerWorker.run(SuiteRunnerWorker.java:96)
at org.testng.TestNG.runSuitesSequentially(TestNG.java:1214)
at org.testng.TestNG.runSuitesLocally(TestNG.java:1136)
at org.testng.TestNG.runSuites(TestNG.java:1066)
at org.testng.TestNG.run(TestNG.java:1034)
at org.testng.remote.AbstractRemoteTestNG.run(AbstractRemoteTestNG.java:115)
at org.testng.remote.RemoteTestNG.initAndRun(RemoteTestNG.java:251)
at org.testng.remote.RemoteTestNG.main(RemoteTestNG.java:77)
]]>
    </error>
  </testcase> <!-- setUp -->
  <system-out/>
  <testcase name="googleTitleTest" time="0.000" classname="com.test.GoogleTest">
    <skipped/>
  </testcase> <!-- googleTitleTest -->
  <system-out/>
  <testcase name="test1" time="0.000" classname="com.test.GoogleTest">
    <skipped/>
  </testcase> <!-- test1 -->
  <system-out/>
  <testcase name="test2" time="0.000" classname="com.test.GoogleTest">
    <skipped/>
  </testcase> <!-- test2 -->
  <system-out/>
  <testcase name="test3" time="0.000" classname="com.test.GoogleTest">
    <skipped/>
  </testcase> <!-- test3 -->
  <system-out/>
  <testcase name="maillinkTest" classname="com.test.GoogleTest">
    <skipped/>
  </testcase> <!-- maillinkTest -->
  <system-out/>
  <testcase name="googlelogoTest" classname="com.test.GoogleTest">
    <skipped/>
  </testcase> <!-- googlelogoTest -->
  <system-out/>
</testsuite> <!-- com.test.GoogleTest -->
